2023-11-17T12:28:27.254+01:00 DEBUG [rateme,,] 16958 --- [main] o.s.w.f.ServerHttpObservationFilter      : Filter 'webMvcObservationFilter' configured for use
2023-11-17T12:28:29.166+01:00 DEBUG [rateme,,] 16958 --- [main] s.w.s.m.m.a.RequestMappingHandlerAdapter : ControllerAdvice beans: 0 @ModelAttribute, 0 @InitBinder, 1 RequestBodyAdvice, 1 ResponseBodyAdvice
2023-11-17T12:28:29.226+01:00 DEBUG [rateme,,] 16958 --- [main] s.w.s.m.m.a.RequestMappingHandlerMapping : 10 mappings in 'requestMappingHandlerMapping'
2023-11-17T12:28:29.245+01:00 DEBUG [rateme,,] 16958 --- [main] o.s.w.s.handler.SimpleUrlHandlerMapping  : Patterns [/webjars/**, /**] in 'resourceHandlerMapping'
2023-11-17T12:28:29.252+01:00 DEBUG [rateme,,] 16958 --- [main] .m.m.a.ExceptionHandlerExceptionResolver : ControllerAdvice beans: 0 @ExceptionHandler, 1 ResponseBodyAdvice
2023-11-17T12:28:44.659+01:00  INFO [rateme,,] 16958 --- [http-nio-8080-exec-2] o.s.web.servlet.DispatcherServlet        : Initializing Servlet 'dispatcherServlet'
2023-11-17T12:28:44.659+01:00 DEBUG [rateme,,] 16958 --- [http-nio-8080-exec-2] o.s.web.servlet.DispatcherServlet        : Detected StandardServletMultipartResolver
2023-11-17T12:28:44.660+01:00 DEBUG [rateme,,] 16958 --- [http-nio-8080-exec-2] o.s.web.servlet.DispatcherServlet        : Detected AcceptHeaderLocaleResolver
2023-11-17T12:28:44.660+01:00 DEBUG [rateme,,] 16958 --- [http-nio-8080-exec-2] o.s.web.servlet.DispatcherServlet        : Detected FixedThemeResolver
2023-11-17T12:28:44.661+01:00 DEBUG [rateme,,] 16958 --- [http-nio-8080-exec-2] o.s.web.servlet.DispatcherServlet        : Detected org.springframework.web.servlet.view.DefaultRequestToViewNameTranslator@40f7fb45
2023-11-17T12:28:44.662+01:00 DEBUG [rateme,,] 16958 --- [http-nio-8080-exec-2] o.s.web.servlet.DispatcherServlet        : Detected org.springframework.web.servlet.support.SessionFlashMapManager@27215154
2023-11-17T12:28:44.662+01:00 DEBUG [rateme,,] 16958 --- [http-nio-8080-exec-2] o.s.web.servlet.DispatcherServlet        : enableLoggingRequestDetails='false': request parameters and headers will be masked to prevent unsafe logging of potentially sensitive data
2023-11-17T12:28:44.662+01:00  INFO [rateme,,] 16958 --- [http-nio-8080-exec-2] o.s.web.servlet.DispatcherServlet        : Completed initialization in 3 ms
2023-11-17T12:28:44.695+01:00 DEBUG [rateme,,] 16958 --- [http-nio-8080-exec-2] o.s.web.servlet.DispatcherServlet        : POST "/access/login", parameters={}
2023-11-17T12:28:44.700+01:00 DEBUG [rateme,,] 16958 --- [http-nio-8080-exec-2] s.w.s.m.m.a.RequestMappingHandlerMapping : Mapped to com.app.rateme.api.AccesController#login(Map)
2023-11-17T12:28:44.748+01:00 DEBUG [rateme,,] 16958 --- [http-nio-8080-exec-2] m.m.a.RequestResponseBodyMethodProcessor : Read "application/json;charset=UTF-8" to [{userName=JohnDoe87, password=S1cher3sP@ssw0rd}]
2023-11-17T12:28:45.162+01:00 DEBUG [rateme,,] 16958 --- [http-nio-8080-exec-2] o.s.w.s.m.m.a.HttpEntityMethodProcessor  : Using 'application/json', given [*/*] and supported [application/json, application/*+json]
2023-11-17T12:28:45.163+01:00 DEBUG [rateme,,] 16958 --- [http-nio-8080-exec-2] o.s.w.s.m.m.a.HttpEntityMethodProcessor  : Writing [LoginToken[token=cd788d70-8290-433c-b4b2-b4a17fd0e46e]]
2023-11-17T12:28:45.171+01:00 DEBUG [rateme,,] 16958 --- [http-nio-8080-exec-2] o.s.web.servlet.DispatcherServlet        : Completed 200 OK
2023-11-17T12:28:56.386+01:00 DEBUG [rateme,,] 16958 --- [http-nio-8080-exec-3] o.s.web.servlet.DispatcherServlet        : GET "/user/get", parameters={}
2023-11-17T12:28:56.390+01:00 DEBUG [rateme,,] 16958 --- [http-nio-8080-exec-3] s.w.s.m.m.a.RequestMappingHandlerMapping : Mapped to com.app.rateme.api.UserController#getUser(String)
2023-11-17T12:30:44.755+01:00 DEBUG [rateme,,] 16958 --- [http-nio-8080-exec-3] o.s.web.servlet.DispatcherServlet        : Failed to complete request: java.lang.NullPointerException
2023-11-17T12:30:44.763+01:00 DEBUG [rateme,,] 16958 --- [http-nio-8080-exec-3] o.s.web.servlet.DispatcherServlet        : "ERROR" dispatch for GET "/error", parameters={}
2023-11-17T12:30:44.765+01:00 DEBUG [rateme,,] 16958 --- [http-nio-8080-exec-3] s.w.s.m.m.a.RequestMappingHandlerMapping : Mapped to org.springframework.boot.autoconfigure.web.servlet.error.BasicErrorController#error(HttpServletRequest)
2023-11-17T12:30:44.772+01:00 DEBUG [rateme,,] 16958 --- [http-nio-8080-exec-3] o.s.w.s.m.m.a.HttpEntityMethodProcessor  : Using 'application/json', given [*/*] and supported [application/json, application/*+json]
2023-11-17T12:30:44.773+01:00 DEBUG [rateme,,] 16958 --- [http-nio-8080-exec-3] o.s.w.s.m.m.a.HttpEntityMethodProcessor  : Writing [{timestamp=Fri Nov 17 12:30:44 CET 2023, status=500, error=Internal Server Error, path=/user/get}]
2023-11-17T12:30:44.788+01:00 DEBUG [rateme,,] 16958 --- [http-nio-8080-exec-3] o.s.web.servlet.DispatcherServlet        : Exiting from "ERROR" dispatch, status 500
2023-11-17T12:30:53.848+01:00 DEBUG [rateme,,] 16958 --- [http-nio-8080-exec-5] o.s.web.servlet.DispatcherServlet        : GET "/user/get", parameters={}
2023-11-17T12:30:53.852+01:00 DEBUG [rateme,,] 16958 --- [http-nio-8080-exec-5] s.w.s.m.m.a.RequestMappingHandlerMapping : Mapped to com.app.rateme.api.UserController#getUser(String)
2023-11-17T12:32:28.737+01:00 DEBUG [rateme,,] 16958 --- [http-nio-8080-exec-5] o.s.web.servlet.DispatcherServlet        : Failed to complete request: java.lang.NullPointerException
2023-11-17T12:32:28.759+01:00 DEBUG [rateme,,] 16958 --- [http-nio-8080-exec-5] o.s.web.servlet.DispatcherServlet        : "ERROR" dispatch for GET "/error", parameters={}
2023-11-17T12:32:28.762+01:00 DEBUG [rateme,,] 16958 --- [http-nio-8080-exec-5] s.w.s.m.m.a.RequestMappingHandlerMapping : Mapped to org.springframework.boot.autoconfigure.web.servlet.error.BasicErrorController#error(HttpServletRequest)
2023-11-17T12:32:28.763+01:00 DEBUG [rateme,,] 16958 --- [http-nio-8080-exec-5] o.s.w.s.m.m.a.HttpEntityMethodProcessor  : Using 'application/json', given [*/*] and supported [application/json, application/*+json]
2023-11-17T12:32:28.764+01:00 DEBUG [rateme,,] 16958 --- [http-nio-8080-exec-5] o.s.w.s.m.m.a.HttpEntityMethodProcessor  : Writing [{timestamp=Fri Nov 17 12:32:28 CET 2023, status=500, error=Internal Server Error, path=/user/get}]
2023-11-17T12:32:28.765+01:00 DEBUG [rateme,,] 16958 --- [http-nio-8080-exec-5] o.s.web.servlet.DispatcherServlet        : Exiting from "ERROR" dispatch, status 500
2023-11-17T12:32:32.182+01:00 DEBUG [rateme,,] 16958 --- [http-nio-8080-exec-7] o.s.web.servlet.DispatcherServlet        : GET "/user/get", parameters={}
2023-11-17T12:32:32.184+01:00 DEBUG [rateme,,] 16958 --- [http-nio-8080-exec-7] s.w.s.m.m.a.RequestMappingHandlerMapping : Mapped to com.app.rateme.api.UserController#getUser(String)
2023-11-17T12:33:34.541+01:00 DEBUG [rateme,,] 16958 --- [http-nio-8080-exec-7] o.s.web.servlet.DispatcherServlet        : Failed to complete request: java.lang.NullPointerException
2023-11-17T12:33:34.552+01:00 DEBUG [rateme,,] 16958 --- [http-nio-8080-exec-7] o.s.web.servlet.DispatcherServlet        : "ERROR" dispatch for GET "/error", parameters={}
2023-11-17T12:33:34.557+01:00 DEBUG [rateme,,] 16958 --- [http-nio-8080-exec-7] s.w.s.m.m.a.RequestMappingHandlerMapping : Mapped to org.springframework.boot.autoconfigure.web.servlet.error.BasicErrorController#error(HttpServletRequest)
2023-11-17T12:33:34.559+01:00 DEBUG [rateme,,] 16958 --- [http-nio-8080-exec-7] o.s.w.s.m.m.a.HttpEntityMethodProcessor  : Using 'application/json', given [*/*] and supported [application/json, application/*+json]
2023-11-17T12:33:34.560+01:00 DEBUG [rateme,,] 16958 --- [http-nio-8080-exec-7] o.s.w.s.m.m.a.HttpEntityMethodProcessor  : Writing [{timestamp=Fri Nov 17 12:33:34 CET 2023, status=500, error=Internal Server Error, path=/user/get}]
2023-11-17T12:33:34.562+01:00 DEBUG [rateme,,] 16958 --- [http-nio-8080-exec-7] o.s.web.servlet.DispatcherServlet        : Exiting from "ERROR" dispatch, status 500
2023-11-17T12:33:38.051+01:00 DEBUG [rateme,,] 16958 --- [http-nio-8080-exec-8] o.s.web.servlet.DispatcherServlet        : GET "/user/get", parameters={}
2023-11-17T12:33:38.053+01:00 DEBUG [rateme,,] 16958 --- [http-nio-8080-exec-8] s.w.s.m.m.a.RequestMappingHandlerMapping : Mapped to com.app.rateme.api.UserController#getUser(String)
2023-11-17T12:38:08.266+01:00 DEBUG [rateme,,] 17669 --- [main] o.s.w.f.ServerHttpObservationFilter      : Filter 'webMvcObservationFilter' configured for use
2023-11-17T12:38:10.225+01:00 DEBUG [rateme,,] 17669 --- [main] s.w.s.m.m.a.RequestMappingHandlerAdapter : ControllerAdvice beans: 0 @ModelAttribute, 0 @InitBinder, 1 RequestBodyAdvice, 1 ResponseBodyAdvice
2023-11-17T12:38:10.291+01:00 DEBUG [rateme,,] 17669 --- [main] s.w.s.m.m.a.RequestMappingHandlerMapping : 10 mappings in 'requestMappingHandlerMapping'
2023-11-17T12:38:10.321+01:00 DEBUG [rateme,,] 17669 --- [main] o.s.w.s.handler.SimpleUrlHandlerMapping  : Patterns [/webjars/**, /**] in 'resourceHandlerMapping'
2023-11-17T12:38:10.328+01:00 DEBUG [rateme,,] 17669 --- [main] .m.m.a.ExceptionHandlerExceptionResolver : ControllerAdvice beans: 0 @ExceptionHandler, 1 ResponseBodyAdvice
2023-11-17T12:38:12.891+01:00  INFO [rateme,,] 17669 --- [RMI TCP Connection(1)-127.0.0.1] o.s.web.servlet.DispatcherServlet        : Initializing Servlet 'dispatcherServlet'
2023-11-17T12:38:12.892+01:00 DEBUG [rateme,,] 17669 --- [RMI TCP Connection(1)-127.0.0.1] o.s.web.servlet.DispatcherServlet        : Detected StandardServletMultipartResolver
2023-11-17T12:38:12.892+01:00 DEBUG [rateme,,] 17669 --- [RMI TCP Connection(1)-127.0.0.1] o.s.web.servlet.DispatcherServlet        : Detected AcceptHeaderLocaleResolver
2023-11-17T12:38:12.892+01:00 DEBUG [rateme,,] 17669 --- [RMI TCP Connection(1)-127.0.0.1] o.s.web.servlet.DispatcherServlet        : Detected FixedThemeResolver
2023-11-17T12:38:12.894+01:00 DEBUG [rateme,,] 17669 --- [RMI TCP Connection(1)-127.0.0.1] o.s.web.servlet.DispatcherServlet        : Detected org.springframework.web.servlet.view.DefaultRequestToViewNameTranslator@4c1f4817
2023-11-17T12:38:12.894+01:00 DEBUG [rateme,,] 17669 --- [RMI TCP Connection(1)-127.0.0.1] o.s.web.servlet.DispatcherServlet        : Detected org.springframework.web.servlet.support.SessionFlashMapManager@112d8c18
2023-11-17T12:38:12.894+01:00 DEBUG [rateme,,] 17669 --- [RMI TCP Connection(1)-127.0.0.1] o.s.web.servlet.DispatcherServlet        : enableLoggingRequestDetails='false': request parameters and headers will be masked to prevent unsafe logging of potentially sensitive data
2023-11-17T12:38:12.894+01:00  INFO [rateme,,] 17669 --- [RMI TCP Connection(1)-127.0.0.1] o.s.web.servlet.DispatcherServlet        : Completed initialization in 2 ms
2023-11-17T12:38:22.396+01:00 DEBUG [rateme,,] 17669 --- [http-nio-8080-exec-1] o.s.web.servlet.DispatcherServlet        : POST "/access/login", parameters={}
2023-11-17T12:38:22.402+01:00 DEBUG [rateme,,] 17669 --- [http-nio-8080-exec-1] s.w.s.m.m.a.RequestMappingHandlerMapping : Mapped to com.app.rateme.api.AccesController#login(Map)
2023-11-17T12:38:22.432+01:00 DEBUG [rateme,,] 17669 --- [http-nio-8080-exec-1] m.m.a.RequestResponseBodyMethodProcessor : Read "application/json;charset=UTF-8" to [{userName=JohnDoe87, password=S1cher3sP@ssw0rd}]
2023-11-17T12:38:22.771+01:00 DEBUG [rateme,,] 17669 --- [http-nio-8080-exec-1] o.s.w.s.m.m.a.HttpEntityMethodProcessor  : Using 'application/json', given [*/*] and supported [application/json, application/*+json]
2023-11-17T12:38:22.772+01:00 DEBUG [rateme,,] 17669 --- [http-nio-8080-exec-1] o.s.w.s.m.m.a.HttpEntityMethodProcessor  : Writing [LoginToken[token=072cf207-c497-427d-b8ca-5605f7b24076]]
2023-11-17T12:38:22.780+01:00 DEBUG [rateme,,] 17669 --- [http-nio-8080-exec-1] o.s.web.servlet.DispatcherServlet        : Completed 200 OK
2023-11-17T12:38:31.804+01:00 DEBUG [rateme,,] 17669 --- [http-nio-8080-exec-3] o.s.web.servlet.DispatcherServlet        : GET "/user/get", parameters={}
2023-11-17T12:38:31.810+01:00 DEBUG [rateme,,] 17669 --- [http-nio-8080-exec-3] s.w.s.m.m.a.RequestMappingHandlerMapping : Mapped to com.app.rateme.api.UserController#getUser(String)
2023-11-17T12:39:11.376+01:00 DEBUG [rateme,,] 17669 --- [http-nio-8080-exec-3] o.s.w.s.m.m.a.HttpEntityMethodProcessor  : Using 'application/json', given [*/*] and supported [application/json, application/*+json]
2023-11-17T12:39:11.383+01:00 DEBUG [rateme,,] 17669 --- [http-nio-8080-exec-3] o.s.w.s.m.m.a.HttpEntityMethodProcessor  : Writing [RegistrationData [userName=JohnDoe87, password=, email=john.doe@example.com, firstName=John, lastNam (truncated)...]
2023-11-17T12:39:11.386+01:00 DEBUG [rateme,,] 17669 --- [http-nio-8080-exec-3] o.s.web.servlet.DispatcherServlet        : Completed 200 OK
